<?xml version="1.0" encoding="utf-8"?>
<TestRun id="2d5a06c9-2158-44cd-9076-f90cb0b9ceac" name="Parinya.c@AIT0023139 2025-09-26 13:20:58" runUser="PHAINSURE\Parinya.c" xmlns="http://microsoft.com/schemas/VisualStudio/TeamTest/2010">
  <Times creation="2025-09-26T13:20:58.9970024+07:00" queuing="2025-09-26T13:20:58.9970029+07:00" start="2025-09-26T13:20:57.6637841+07:00" finish="2025-09-26T13:20:59.0037171+07:00" />
  <TestSettings name="default" id="586dd047-05c9-49d7-82e3-3ce036f60682">
    <Deployment runDeploymentRoot="Parinya.c_AIT0023139_2025-09-26_13_20_58" />
  </TestSettings>
  <Results>
    <UnitTestResult executionId="1564b198-4f65-4504-b1c4-47b67e192bde" testId="d6db6472-1fc1-7612-ee4b-e22ff8e6283a" testName="ScrumOps.Application.Tests.UnitTest1.Test1" computerName="AIT0023139" duration="00:00:00.0042178" startTime="2025-09-26T13:20:58.8434013+07:00" endTime="2025-09-26T13:20:58.8434185+07:00" testType="13cdc9d9-ddb5-4fa4-a97d-d965ccfc6d4b" outcome="Passed" testListId="8c84fa94-04c1-424b-9868-57a2d4851a1d" relativeResultsDirectory="1564b198-4f65-4504-b1c4-47b67e192bde" />
  </Results>
  <TestDefinitions>
    <UnitTest name="ScrumOps.Application.Tests.UnitTest1.Test1" storage="c:\data\scrumops\tests\scrumops.application.tests\bin\debug\net8.0\scrumops.application.tests.dll" id="d6db6472-1fc1-7612-ee4b-e22ff8e6283a">
      <Execution id="1564b198-4f65-4504-b1c4-47b67e192bde" />
      <TestMethod codeBase="C:\data\ScrumOps\tests\ScrumOps.Application.Tests\bin\Debug\net8.0\ScrumOps.Application.Tests.dll" adapterTypeName="executor://xunit/VsTestRunner2/netcoreapp" className="ScrumOps.Application.Tests.UnitTest1" name="Test1" />
    </UnitTest>
  </TestDefinitions>
  <TestEntries>
    <TestEntry testId="d6db6472-1fc1-7612-ee4b-e22ff8e6283a" executionId="1564b198-4f65-4504-b1c4-47b67e192bde" testListId="8c84fa94-04c1-424b-9868-57a2d4851a1d" />
  </TestEntries>
  <TestLists>
    <TestList name="Results Not in a List" id="8c84fa94-04c1-424b-9868-57a2d4851a1d" />
    <TestList name="All Loaded Results" id="19431567-8539-422a-85d7-44ee4e166bda" />
  </TestLists>
  <ResultSummary outcome="Completed">
    <Counters total="1" executed="1" passed="1" failed="0" error="0" timeout="0" aborted="0" inconclusive="0" passedButRunAborted="0" notRunnable="0" notExecuted="0" disconnected="0" warning="0" completed="0" inProgress="0" pending="0" />
    <Output>
      <StdOut>[xUnit.net 00:00:00.00] xUnit.net VSTest Adapter v2.5.3.1+6b60a9e56a (64-bit .NET 8.0.20)&#xD;
[xUnit.net 00:00:00.13]   Discovering: ScrumOps.Application.Tests&#xD;
[xUnit.net 00:00:00.19]   Discovered:  ScrumOps.Application.Tests&#xD;
[xUnit.net 00:00:00.19]   Starting:    ScrumOps.Application.Tests&#xD;
[xUnit.net 00:00:00.26]   Finished:    ScrumOps.Application.Tests&#xD;
</StdOut>
    </Output>
  </ResultSummary>
</TestRun>