<?xml version="1.0" encoding="utf-8"?>
<TestRun id="02af9aef-b02f-4559-9f33-9c80050fdecb" name="Parinya.c@AIT0023139 2025-09-26 13:20:58" runUser="PHAINSURE\Parinya.c" xmlns="http://microsoft.com/schemas/VisualStudio/TeamTest/2010">
  <Times creation="2025-09-26T13:20:58.9989180+07:00" queuing="2025-09-26T13:20:58.9989186+07:00" start="2025-09-26T13:20:57.6703116+07:00" finish="2025-09-26T13:20:59.0058107+07:00" />
  <TestSettings name="default" id="b85bd9af-89ab-4f38-911f-112b66c3a29d">
    <Deployment runDeploymentRoot="Parinya.c_AIT0023139_2025-09-26_13_20_58" />
  </TestSettings>
  <Results>
    <UnitTestResult executionId="8763808a-fa3d-4bf5-9703-39f30bcdeedf" testId="cc32abbe-b76c-7d8c-ceb9-8308824793a7" testName="ScrumOps.ArchitectureTests.UnitTest1.Test1" computerName="AIT0023139" duration="00:00:00.0022025" startTime="2025-09-26T13:20:58.8404110+07:00" endTime="2025-09-26T13:20:58.8404280+07:00" testType="13cdc9d9-ddb5-4fa4-a97d-d965ccfc6d4b" outcome="Passed" testListId="8c84fa94-04c1-424b-9868-57a2d4851a1d" relativeResultsDirectory="8763808a-fa3d-4bf5-9703-39f30bcdeedf" />
  </Results>
  <TestDefinitions>
    <UnitTest name="ScrumOps.ArchitectureTests.UnitTest1.Test1" storage="c:\data\scrumops\tests\scrumops.architecturetests\bin\debug\net8.0\scrumops.architecturetests.dll" id="cc32abbe-b76c-7d8c-ceb9-8308824793a7">
      <Execution id="8763808a-fa3d-4bf5-9703-39f30bcdeedf" />
      <TestMethod codeBase="C:\data\ScrumOps\tests\ScrumOps.ArchitectureTests\bin\Debug\net8.0\ScrumOps.ArchitectureTests.dll" adapterTypeName="executor://xunit/VsTestRunner2/netcoreapp" className="ScrumOps.ArchitectureTests.UnitTest1" name="Test1" />
    </UnitTest>
  </TestDefinitions>
  <TestEntries>
    <TestEntry testId="cc32abbe-b76c-7d8c-ceb9-8308824793a7" executionId="8763808a-fa3d-4bf5-9703-39f30bcdeedf" testListId="8c84fa94-04c1-424b-9868-57a2d4851a1d" />
  </TestEntries>
  <TestLists>
    <TestList name="Results Not in a List" id="8c84fa94-04c1-424b-9868-57a2d4851a1d" />
    <TestList name="All Loaded Results" id="19431567-8539-422a-85d7-44ee4e166bda" />
  </TestLists>
  <ResultSummary outcome="Completed">
    <Counters total="1" executed="1" passed="1" failed="0" error="0" timeout="0" aborted="0" inconclusive="0" passedButRunAborted="0" notRunnable="0" notExecuted="0" disconnected="0" warning="0" completed="0" inProgress="0" pending="0" />
    <Output>
      <StdOut>[xUnit.net 00:00:00.00] xUnit.net VSTest Adapter v2.5.3.1+6b60a9e56a (64-bit .NET 8.0.20)&#xD;
[xUnit.net 00:00:00.13]   Discovering: ScrumOps.ArchitectureTests&#xD;
[xUnit.net 00:00:00.19]   Discovered:  ScrumOps.ArchitectureTests&#xD;
[xUnit.net 00:00:00.19]   Starting:    ScrumOps.ArchitectureTests&#xD;
[xUnit.net 00:00:00.26]   Finished:    ScrumOps.ArchitectureTests&#xD;
</StdOut>
    </Output>
  </ResultSummary>
</TestRun>