<?xml version="1.0" encoding="utf-8"?>
<TestRun id="97a7568b-2e7d-444f-84d0-0e43d0d0a7bc" name="Parinya.c@AIT0023139 2025-09-26 13:20:58" runUser="PHAINSURE\Parinya.c" xmlns="http://microsoft.com/schemas/VisualStudio/TeamTest/2010">
  <Times creation="2025-09-26T13:20:58.9991918+07:00" queuing="2025-09-26T13:20:58.9991926+07:00" start="2025-09-26T13:20:57.6657634+07:00" finish="2025-09-26T13:20:59.0044699+07:00" />
  <TestSettings name="default" id="4ec025a3-7b16-478b-aaf1-de4bc45720d3">
    <Deployment runDeploymentRoot="Parinya.c_AIT0023139_2025-09-26_13_20_58" />
  </TestSettings>
  <Results>
    <UnitTestResult executionId="e19caa6a-b9cc-465d-80f1-d1f427bcb108" testId="541c928e-e268-85f9-99fe-6151ffb2d137" testName="ScrumOps.Web.Tests.UnitTest1.Test1" computerName="AIT0023139" duration="00:00:00.0022030" startTime="2025-09-26T13:20:58.8500660+07:00" endTime="2025-09-26T13:20:58.8500819+07:00" testType="13cdc9d9-ddb5-4fa4-a97d-d965ccfc6d4b" outcome="Passed" testListId="8c84fa94-04c1-424b-9868-57a2d4851a1d" relativeResultsDirectory="e19caa6a-b9cc-465d-80f1-d1f427bcb108" />
  </Results>
  <TestDefinitions>
    <UnitTest name="ScrumOps.Web.Tests.UnitTest1.Test1" storage="c:\data\scrumops\tests\scrumops.web.tests\bin\debug\net8.0\scrumops.web.tests.dll" id="541c928e-e268-85f9-99fe-6151ffb2d137">
      <Execution id="e19caa6a-b9cc-465d-80f1-d1f427bcb108" />
      <TestMethod codeBase="C:\data\ScrumOps\tests\ScrumOps.Web.Tests\bin\Debug\net8.0\ScrumOps.Web.Tests.dll" adapterTypeName="executor://xunit/VsTestRunner2/netcoreapp" className="ScrumOps.Web.Tests.UnitTest1" name="Test1" />
    </UnitTest>
  </TestDefinitions>
  <TestEntries>
    <TestEntry testId="541c928e-e268-85f9-99fe-6151ffb2d137" executionId="e19caa6a-b9cc-465d-80f1-d1f427bcb108" testListId="8c84fa94-04c1-424b-9868-57a2d4851a1d" />
  </TestEntries>
  <TestLists>
    <TestList name="Results Not in a List" id="8c84fa94-04c1-424b-9868-57a2d4851a1d" />
    <TestList name="All Loaded Results" id="19431567-8539-422a-85d7-44ee4e166bda" />
  </TestLists>
  <ResultSummary outcome="Completed">
    <Counters total="1" executed="1" passed="1" failed="0" error="0" timeout="0" aborted="0" inconclusive="0" passedButRunAborted="0" notRunnable="0" notExecuted="0" disconnected="0" warning="0" completed="0" inProgress="0" pending="0" />
    <Output>
      <StdOut>[xUnit.net 00:00:00.00] xUnit.net VSTest Adapter v2.5.3.1+6b60a9e56a (64-bit .NET 8.0.20)&#xD;
[xUnit.net 00:00:00.15]   Discovering: ScrumOps.Web.Tests&#xD;
[xUnit.net 00:00:00.20]   Discovered:  ScrumOps.Web.Tests&#xD;
[xUnit.net 00:00:00.20]   Starting:    ScrumOps.Web.Tests&#xD;
[xUnit.net 00:00:00.27]   Finished:    ScrumOps.Web.Tests&#xD;
</StdOut>
    </Output>
  </ResultSummary>
</TestRun>